<?xml version="1.0" encoding="UTF-8"?>
<!-- Generated by org.testng.reporters.JUnitReportReporter -->
<testsuite skipped="0" hostname="Priya-PC" name="com.qa.restassured.GetRequestTC001" tests="1" failures="0" timestamp="17 Apr 2020 12:49:59 GMT" time="7.566" errors="0">
  <testcase name="getRequest" time="7.566" classname="com.qa.restassured.GetRequestTC001"/>
</testsuite> <!-- com.qa.restassured.GetRequestTC001 -->
